# JRE version: Java(TM) SE Runtime Environment (9.0+181) (build 9+181)
# Java VM: Java HotSpot(TM) 64-Bit Server VM (9+181, mixed mode, tiered, compressed oops, g1 gc, bsd-amd64)
Heap:
 garbage-first heap   total 262144K, used 170477K [0x00000007a0000000, 0x00000007a0100800, 0x00000007c0000000)
  region size 1024K, 37 young (37888K), 10 survivors (10240K)
 Metaspace       used 74303K, capacity 87684K, committed 87836K, reserved 1126400K
  class space    used 8505K, capacity 11492K, committed 11548K, reserved 1048576K
GC Heap History (10 events):
Event: 12.619 GC heap before
{Heap before GC invocations=34 (full 0):
 garbage-first heap   total 262144K, used 206175K [0x00000007a0000000, 0x00000007a0100800, 0x00000007c0000000)
  region size 1024K, 78 young (79872K), 11 survivors (11264K)
 Metaspace       used 73029K, capacity 85894K, committed 87324K, reserved 1124352K
  class space    used 8437K, capacity 11308K, committed 11548K, reserved 1048576K
}
Event: 12.624 GC heap after
{Heap after GC invocations=35 (full 0):
 garbage-first heap   total 262144K, used 137256K [0x00000007a0000000, 0x00000007a0100800, 0x00000007c0000000)
  region size 1024K, 8 young (8192K), 8 survivors (8192K)
 Metaspace       used 73029K, capacity 85894K, committed 87324K, reserved 1124352K
  class space    used 8437K, capacity 11308K, committed 11548K, reserved 1048576K
}
Event: 12.641 GC heap before
{Heap before GC invocations=35 (full 0):
 garbage-first heap   total 262144K, used 141352K [0x00000007a0000000, 0x00000007a0100800, 0x00000007c0000000)
  region size 1024K, 12 young (12288K), 8 survivors (8192K)
 Metaspace       used 73066K, capacity 85984K, committed 87324K, reserved 1124352K
  class space    used 8440K, capacity 11312K, committed 11548K, reserved 1048576K
}
Event: 12.646 GC heap after
{Heap after GC invocations=36 (full 0):
 garbage-first heap   total 262144K, used 117570K [0x00000007a0000000, 0x00000007a0100800, 0x00000007c0000000)
  region size 1024K, 2 young (2048K), 2 survivors (2048K)
 Metaspace       used 73066K, capacity 85984K, committed 87324K, reserved 1124352K
  class space    used 8440K, capacity 11312K, committed 11548K, reserved 1048576K
}
Event: 12.903 GC heap before
{Heap before GC invocations=36 (full 0):
 garbage-first heap   total 262144K, used 199490K [0x00000007a0000000, 0x00000007a0100800, 0x00000007c0000000)
  region size 1024K, 82 young (83968K), 2 survivors (2048K)
 Metaspace       used 73733K, capacity 86976K, committed 87324K, reserved 1124352K
  class space    used 8475K, capacity 11420K, committed 11548K, reserved 1048576K
}
Event: 12.909 GC heap after
{Heap after GC invocations=37 (full 0):
 garbage-first heap   total 262144K, used 125841K [0x00000007a0000000, 0x00000007a0100800, 0x00000007c0000000)
  region size 1024K, 10 young (10240K), 10 survivors (10240K)
 Metaspace       used 73733K, capacity 86976K, committed 87324K, reserved 1124352K
  class space    used 8475K, capacity 11420K, committed 11548K, reserved 1048576K
}
Event: 13.155 GC heap before
{Heap before GC invocations=37 (full 0):
 garbage-first heap   total 262144K, used 202641K [0x00000007a0000000, 0x00000007a0100800, 0x00000007c0000000)
  region size 1024K, 85 young (87040K), 10 survivors (10240K)
 Metaspace       used 73914K, capacity 87216K, committed 87580K, reserved 1126400K
  class space    used 8478K, capacity 11422K, committed 11548K, reserved 1048576K
}
Event: 13.165 GC heap after
{Heap after GC invocations=38 (full 0):
 garbage-first heap   total 262144K, used 133975K [0x00000007a0000000, 0x00000007a0100800, 0x00000007c0000000)
  region size 1024K, 10 young (10240K), 10 survivors (10240K)
 Metaspace       used 73914K, capacity 87216K, committed 87580K, reserved 1126400K
  class space    used 8478K, capacity 11422K, committed 11548K, reserved 1048576K
}
Event: 13.416 GC heap before
{Heap before GC invocations=38 (full 0):
 garbage-first heap   total 262144K, used 205655K [0x00000007a0000000, 0x00000007a0100800, 0x00000007c0000000)
  region size 1024K, 80 young (81920K), 10 survivors (10240K)
 Metaspace       used 74127K, capacity 87440K, committed 87580K, reserved 1126400K
  class space    used 8495K, capacity 11458K, committed 11548K, reserved 1048576K
}
Event: 13.428 GC heap after
{Heap after GC invocations=39 (full 0):
 garbage-first heap   total 262144K, used 143853K [0x00000007a0000000, 0x00000007a0100800, 0x00000007c0000000)
  region size 1024K, 10 young (10240K), 10 survivors (10240K)
 Metaspace       used 74127K, capacity 87440K, committed 87580K, reserved 1126400K
  class space    used 8495K, capacity 11458K, committed 11548K, reserved 1048576K
}

